c:\users\diarmuid\atmosphere_simulator\build\yourexecutable.dir\debug\vc143.pdb
c:\users\diarmuid\atmosphere_simulator\build\yourexecutable.dir\debug\main.obj
c:\users\diarmuid\atmosphere_simulator\build\yourexecutable.dir\debug\barneshut.obj
c:\users\diarmuid\atmosphere_simulator\build\yourexecutable.dir\debug\node.obj
c:\users\diarmuid\atmosphere_simulator\build\yourexecutable.dir\debug\particle.obj
c:\users\diarmuid\atmosphere_simulator\build\yourexecutable.dir\debug\sphererender.obj
c:\users\diarmuid\atmosphere_simulator\build\yourexecutable.dir\debug\bound.obj
c:\users\diarmuid\atmosphere_simulator\build\yourexecutable.dir\debug\forceinteraction.obj
c:\users\diarmuid\atmosphere_simulator\build\yourexecutable.dir\debug\glad.obj
c:\users\diarmuid\atmosphere_simulator\build\cmakefiles\generate.stamp
c:\users\diarmuid\atmosphere_simulator\build\debug\yourexecutable.exe
c:\users\diarmuid\atmosphere_simulator\build\debug\yourexecutable.pdb
c:\users\diarmuid\atmosphere_simulator\build\yourexecutable.dir\debug\yourexecutable.ilk
c:\users\diarmuid\atmosphere_simulator\build\yourexecutable.dir\debug\yourexecutable.tlog\cl.command.1.tlog
c:\users\diarmuid\atmosphere_simulator\build\yourexecutable.dir\debug\yourexecutable.tlog\cl.items.tlog
c:\users\diarmuid\atmosphere_simulator\build\yourexecutable.dir\debug\yourexecutable.tlog\cl.read.1.tlog
c:\users\diarmuid\atmosphere_simulator\build\yourexecutable.dir\debug\yourexecutable.tlog\cl.write.1.tlog
c:\users\diarmuid\atmosphere_simulator\build\yourexecutable.dir\debug\yourexecutable.tlog\custombuild.command.1.tlog
c:\users\diarmuid\atmosphere_simulator\build\yourexecutable.dir\debug\yourexecutable.tlog\custombuild.read.1.tlog
c:\users\diarmuid\atmosphere_simulator\build\yourexecutable.dir\debug\yourexecutable.tlog\custombuild.write.1.tlog
c:\users\diarmuid\atmosphere_simulator\build\yourexecutable.dir\debug\yourexecutable.tlog\link.command.1.tlog
c:\users\diarmuid\atmosphere_simulator\build\yourexecutable.dir\debug\yourexecutable.tlog\link.read.1.tlog
c:\users\diarmuid\atmosphere_simulator\build\yourexecutable.dir\debug\yourexecutable.tlog\link.secondary.1.tlog
c:\users\diarmuid\atmosphere_simulator\build\yourexecutable.dir\debug\yourexecutable.tlog\link.write.1.tlog
